c:\users\propietario\documents\visual studio 2015\projects\ai_2015_1\lib\vstuff\ai_2015_1\debug\x64\ai_2015_1.pch
c:\users\propietario\documents\visual studio 2015\projects\ai_2015_1\lib\vstuff\ai_2015_1\debug\x64\vc141.pdb
c:\users\propietario\documents\visual studio 2015\projects\ai_2015_1\lib\vstuff\ai_2015_1\debug\x64\vc141.idb
c:\users\propietario\documents\visual studio 2015\projects\ai_2015_1\lib\vstuff\ai_2015_1\debug\x64\stdafx.obj
c:\users\propietario\documents\visual studio 2015\projects\ai_2015_1\lib\vstuff\ai_2015_1\debug\x64\utilities.obj
c:\users\propietario\documents\visual studio 2015\projects\ai_2015_1\lib\vstuff\ai_2015_1\debug\x64\tilenode.obj
c:\users\propietario\documents\visual studio 2015\projects\ai_2015_1\lib\vstuff\ai_2015_1\debug\x64\pathfinder.obj
c:\users\propietario\documents\visual studio 2015\projects\ai_2015_1\lib\vstuff\ai_2015_1\debug\x64\map.obj
c:\users\propietario\documents\visual studio 2015\projects\ai_2015_1\lib\vstuff\ai_2015_1\debug\x64\gameobject.obj
c:\users\propietario\documents\visual studio 2015\projects\ai_2015_1\lib\vstuff\ai_2015_1\debug\x64\dungeongenerator.obj
c:\users\propietario\documents\visual studio 2015\projects\ai_2015_1\lib\vstuff\ai_2015_1\debug\x64\dungeonroom.obj
c:\users\propietario\documents\visual studio 2015\projects\ai_2015_1\lib\vstuff\ai_2015_1\debug\x64\core.obj
c:\users\propietario\documents\visual studio 2015\projects\ai_2015_1\lib\vstuff\ai_2015_1\debug\x64\boid.obj
c:\users\propietario\documents\visual studio 2015\projects\ai_2015_1\lib\vstuff\ai_2015_1\debug\x64\ai_2015_1.obj
c:\users\propietario\documents\visual studio 2015\projects\ai_2015_1\bin\ai_2015_1.exe
c:\users\propietario\documents\visual studio 2015\projects\ai_2015_1\bin\ai_2015_1.ilk
c:\users\propietario\documents\visual studio 2015\projects\ai_2015_1\bin\ai_2015_1.pdb
c:\users\propietario\documents\visual studio 2015\projects\ai_2015_1\lib\vstuff\ai_2015_1\debug\x64\ai_2015_1.tlog\cl.command.1.tlog
c:\users\propietario\documents\visual studio 2015\projects\ai_2015_1\lib\vstuff\ai_2015_1\debug\x64\ai_2015_1.tlog\cl.read.1.tlog
c:\users\propietario\documents\visual studio 2015\projects\ai_2015_1\lib\vstuff\ai_2015_1\debug\x64\ai_2015_1.tlog\cl.write.1.tlog
c:\users\propietario\documents\visual studio 2015\projects\ai_2015_1\lib\vstuff\ai_2015_1\debug\x64\ai_2015_1.tlog\link.command.1.tlog
c:\users\propietario\documents\visual studio 2015\projects\ai_2015_1\lib\vstuff\ai_2015_1\debug\x64\ai_2015_1.tlog\link.read.1.tlog
c:\users\propietario\documents\visual studio 2015\projects\ai_2015_1\lib\vstuff\ai_2015_1\debug\x64\ai_2015_1.tlog\link.write.1.tlog
